<?xml version="1.0" encoding="UTF-8"?>
<testsuite name="Register at utest platform" tests="1" skipped="0" failures="0" errors="0" timestamp="2021-07-01T14:42:14" hostname="MacBook-Pro-de-Cristian.local" time="48.785">
  <properties/>
  <testcase name="Register at the utest page" classname="Register at utest platform" time="48.785"/>
  <system-out><![CDATA[]]></system-out>
  <system-err><![CDATA[[Test worker] WARN net.thucydides.core.steps.BaseStepListener - stepStarted: net.thucydides.core.steps.ExecutedStepDescription@691fb3ae
[Test worker] WARN net.thucydides.core.steps.BaseStepListener - stepStarted: net.thucydides.core.steps.ExecutedStepDescription@11ae0de1
[Test worker] WARN net.thucydides.core.steps.BaseStepListener - stepStarted: net.thucydides.core.steps.ExecutedStepDescription@5ac6effb
jul 01, 2021 9:42:16 AM org.openqa.selenium.remote.DesiredCapabilities chrome
INFORMACIÓN: Using `new ChromeOptions()` is preferred to `DesiredCapabilities.chrome()`
[Test worker] INFO net.serenitybdd.core.webdriver.driverproviders.ProvideNewDriver - Instantiating driver
[Test worker] INFO net.serenitybdd.core.webdriver.driverproviders.ProvideNewDriver - Driver capabilities: Capabilities {acceptInsecureCerts: false, browserName: chrome, goog:chromeOptions: {args: [], extensions: []}, loggingPrefs: org.openqa.selenium.logging..., platform: ANY, version: }
Starting ChromeDriver 91.0.4472.19 (1bf021f248676a0b2ab3ee0561d83a59e424c23e-refs/branch-heads/4472@{#288}) on port 4463
Only local connections are allowed.
Please see https://chromedriver.chromium.org/security-considerations for suggestions on keeping ChromeDriver safe.
ChromeDriver was started successfully.
jul 01, 2021 9:42:23 AM org.openqa.selenium.remote.ProtocolHandshake createSession
INFORMACIÓN: Detected dialect: W3C
[Test worker] WARN net.thucydides.core.steps.BaseStepListener - stepFinished: current outcome:Register at the utest page:Given than Cristian wants to register at the utest page [Brandon open up [Brandon opens the Choucair academy page]]
[Test worker] WARN net.thucydides.core.steps.BaseStepListener - stepFinished: current outcome:Register at the utest page:Given than Cristian wants to register at the utest page [Brandon open up [Brandon opens the Choucair academy page]]
[Test worker] WARN net.thucydides.core.steps.BaseStepListener - stepFinished: current outcome:Register at the utest page:Given than Cristian wants to register at the utest page [Brandon open up [Brandon opens the Choucair academy page]]
[Test worker] WARN net.thucydides.core.steps.BaseStepListener - stepStarted: net.thucydides.core.steps.ExecutedStepDescription@1634bca0
[Test worker] WARN net.thucydides.core.steps.BaseStepListener - stepStarted: net.thucydides.core.steps.ExecutedStepDescription@31ed059e
[Test worker] WARN net.thucydides.core.steps.BaseStepListener - stepStarted: net.thucydides.core.steps.ExecutedStepDescription@9ef38da
[Test worker] WARN net.thucydides.core.steps.BaseStepListener - stepFinished: current outcome:Register at the utest page:Given than Cristian wants to register at the utest page [Brandon open up [Brandon opens the Choucair academy page]], When he introduces the data in platform register form
| strName | strlastName | strEmail | strCity | strZipcode | strPassword | strConfirm_password |
| Cristian Camilone | Cuevas Castañeda | cristianca84@romail.com | Tunja | 150001 | Casa1234$%& | Casa1234$%& | [Brandon login [Brandon clicks on button that shows us the form to register]]
[Test worker] WARN net.thucydides.core.steps.BaseStepListener - stepStarted: net.thucydides.core.steps.ExecutedStepDescription@573a7b3b
[Test worker] WARN net.thucydides.core.steps.BaseStepListener - stepFinished: current outcome:Register at the utest page:Given than Cristian wants to register at the utest page [Brandon open up [Brandon opens the Choucair academy page]], When he introduces the data in platform register form
| strName | strlastName | strEmail | strCity | strZipcode | strPassword | strConfirm_password |
| Cristian Camilone | Cuevas Castañeda | cristianca84@romail.com | Tunja | 150001 | Casa1234$%& | Casa1234$%& | [Brandon login [Brandon clicks on button that shows us the form to register, Brandon enters 'Cristian Camilone' into where do we write the first name]]
[Test worker] WARN net.thucydides.core.steps.BaseStepListener - stepStarted: net.thucydides.core.steps.ExecutedStepDescription@1411b812
[Test worker] WARN net.thucydides.core.steps.BaseStepListener - stepFinished: current outcome:Register at the utest page:Given than Cristian wants to register at the utest page [Brandon open up [Brandon opens the Choucair academy page]], When he introduces the data in platform register form
| strName | strlastName | strEmail | strCity | strZipcode | strPassword | strConfirm_password |
| Cristian Camilone | Cuevas Castañeda | cristianca84@romail.com | Tunja | 150001 | Casa1234$%& | Casa1234$%& | [Brandon login [Brandon clicks on button that shows us the form to register, Brandon enters 'Cristian Camilone' into where do we write the first name, Brandon enters 'Cuevas Castañeda' into where do we write the last name]]
[Test worker] WARN net.thucydides.core.steps.BaseStepListener - stepStarted: net.thucydides.core.steps.ExecutedStepDescription@9a02172
[Test worker] WARN net.thucydides.core.steps.BaseStepListener - stepFinished: current outcome:Register at the utest page:Given than Cristian wants to register at the utest page [Brandon open up [Brandon opens the Choucair academy page]], When he introduces the data in platform register form
| strName | strlastName | strEmail | strCity | strZipcode | strPassword | strConfirm_password |
| Cristian Camilone | Cuevas Castañeda | cristianca84@romail.com | Tunja | 150001 | Casa1234$%& | Casa1234$%& | [Brandon login [Brandon clicks on button that shows us the form to register, Brandon enters 'Cristian Camilone' into where do we write the first name, Brandon enters 'Cuevas Castañeda' into where do we write the last name, Brandon enters 'cristianca84@romail.com' into where do we write the email]]
[Test worker] WARN net.thucydides.core.steps.BaseStepListener - stepStarted: net.thucydides.core.steps.ExecutedStepDescription@492d966a
[Test worker] WARN net.thucydides.core.steps.BaseStepListener - stepFinished: current outcome:Register at the utest page:Given than Cristian wants to register at the utest page [Brandon open up [Brandon opens the Choucair academy page]], When he introduces the data in platform register form
| strName | strlastName | strEmail | strCity | strZipcode | strPassword | strConfirm_password |
| Cristian Camilone | Cuevas Castañeda | cristianca84@romail.com | Tunja | 150001 | Casa1234$%& | Casa1234$%& | [Brandon login [Brandon clicks on button that shows us the form to register, Brandon enters 'Cristian Camilone' into where do we write the first name, Brandon enters 'Cuevas Castañeda' into where do we write the last name, Brandon enters 'cristianca84@romail.com' into where do we write the email, Brandon clicks on where do we write the month]]
[Test worker] WARN net.thucydides.core.steps.BaseStepListener - stepStarted: net.thucydides.core.steps.ExecutedStepDescription@8f318f1
[Test worker] WARN net.thucydides.core.steps.BaseStepListener - stepFinished: current outcome:Register at the utest page:Given than Cristian wants to register at the utest page [Brandon open up [Brandon opens the Choucair academy page]], When he introduces the data in platform register form
| strName | strlastName | strEmail | strCity | strZipcode | strPassword | strConfirm_password |
| Cristian Camilone | Cuevas Castañeda | cristianca84@romail.com | Tunja | 150001 | Casa1234$%& | Casa1234$%& | [Brandon login [Brandon clicks on button that shows us the form to register, Brandon enters 'Cristian Camilone' into where do we write the first name, Brandon enters 'Cuevas Castañeda' into where do we write the last name, Brandon enters 'cristianca84@romail.com' into where do we write the email, Brandon clicks on where do we write the month, Brandon clicks on where do we write the day]]
[Test worker] WARN net.thucydides.core.steps.BaseStepListener - stepStarted: net.thucydides.core.steps.ExecutedStepDescription@7fc09be8
[Test worker] WARN net.thucydides.core.steps.BaseStepListener - stepFinished: current outcome:Register at the utest page:Given than Cristian wants to register at the utest page [Brandon open up [Brandon opens the Choucair academy page]], When he introduces the data in platform register form
| strName | strlastName | strEmail | strCity | strZipcode | strPassword | strConfirm_password |
| Cristian Camilone | Cuevas Castañeda | cristianca84@romail.com | Tunja | 150001 | Casa1234$%& | Casa1234$%& | [Brandon login [Brandon clicks on button that shows us the form to register, Brandon enters 'Cristian Camilone' into where do we write the first name, Brandon enters 'Cuevas Castañeda' into where do we write the last name, Brandon enters 'cristianca84@romail.com' into where do we write the email, Brandon clicks on where do we write the month, Brandon clicks on where do we write the day, Brandon clicks on where do we write the year]]
[Test worker] WARN net.thucydides.core.steps.BaseStepListener - stepStarted: net.thucydides.core.steps.ExecutedStepDescription@1e44cbd0
[Test worker] WARN net.thucydides.core.steps.BaseStepListener - stepFinished: current outcome:Register at the utest page:Given than Cristian wants to register at the utest page [Brandon open up [Brandon opens the Choucair academy page]], When he introduces the data in platform register form
| strName | strlastName | strEmail | strCity | strZipcode | strPassword | strConfirm_password |
| Cristian Camilone | Cuevas Castañeda | cristianca84@romail.com | Tunja | 150001 | Casa1234$%& | Casa1234$%& | [Brandon login [Brandon clicks on button that shows us the form to register, Brandon enters 'Cristian Camilone' into where do we write the first name, Brandon enters 'Cuevas Castañeda' into where do we write the last name, Brandon enters 'cristianca84@romail.com' into where do we write the email, Brandon clicks on where do we write the month, Brandon clicks on where do we write the day, Brandon clicks on where do we write the year, Brandon clicks on button to continue]]
[Test worker] WARN net.thucydides.core.steps.BaseStepListener - stepStarted: net.thucydides.core.steps.ExecutedStepDescription@3c406b97
[Test worker] WARN net.thucydides.core.steps.BaseStepListener - stepFinished: current outcome:Register at the utest page:Given than Cristian wants to register at the utest page [Brandon open up [Brandon opens the Choucair academy page]], When he introduces the data in platform register form
| strName | strlastName | strEmail | strCity | strZipcode | strPassword | strConfirm_password |
| Cristian Camilone | Cuevas Castañeda | cristianca84@romail.com | Tunja | 150001 | Casa1234$%& | Casa1234$%& | [Brandon login [Brandon clicks on button that shows us the form to register, Brandon enters 'Cristian Camilone' into where do we write the first name, Brandon enters 'Cuevas Castañeda' into where do we write the last name, Brandon enters 'cristianca84@romail.com' into where do we write the email, Brandon clicks on where do we write the month, Brandon clicks on where do we write the day, Brandon clicks on where do we write the year, Brandon clicks on button to continue, Brandon enters 'Tunja' into where do we write the city]]
[Test worker] WARN net.thucydides.core.steps.BaseStepListener - stepStarted: net.thucydides.core.steps.ExecutedStepDescription@113365af
[Test worker] WARN net.thucydides.core.steps.BaseStepListener - stepFinished: current outcome:Register at the utest page:Given than Cristian wants to register at the utest page [Brandon open up [Brandon opens the Choucair academy page]], When he introduces the data in platform register form
| strName | strlastName | strEmail | strCity | strZipcode | strPassword | strConfirm_password |
| Cristian Camilone | Cuevas Castañeda | cristianca84@romail.com | Tunja | 150001 | Casa1234$%& | Casa1234$%& | [Brandon login [Brandon clicks on button that shows us the form to register, Brandon enters 'Cristian Camilone' into where do we write the first name, Brandon enters 'Cuevas Castañeda' into where do we write the last name, Brandon enters 'cristianca84@romail.com' into where do we write the email, Brandon clicks on where do we write the month, Brandon clicks on where do we write the day, Brandon clicks on where do we write the year, Brandon clicks on button to continue, Brandon enters 'Tunja' into where do we write the city, Brandon enters '150001' into where do we write the zip code]]
[Test worker] WARN net.thucydides.core.steps.BaseStepListener - stepStarted: net.thucydides.core.steps.ExecutedStepDescription@284a2461
[Test worker] WARN net.thucydides.core.steps.BaseStepListener - stepFinished: current outcome:Register at the utest page:Given than Cristian wants to register at the utest page [Brandon open up [Brandon opens the Choucair academy page]], When he introduces the data in platform register form
| strName | strlastName | strEmail | strCity | strZipcode | strPassword | strConfirm_password |
| Cristian Camilone | Cuevas Castañeda | cristianca84@romail.com | Tunja | 150001 | Casa1234$%& | Casa1234$%& | [Brandon login [Brandon clicks on button that shows us the form to register, Brandon enters 'Cristian Camilone' into where do we write the first name, Brandon enters 'Cuevas Castañeda' into where do we write the last name, Brandon enters 'cristianca84@romail.com' into where do we write the email, Brandon clicks on where do we write the month, Brandon clicks on where do we write the day, Brandon clicks on where do we write the year, Brandon clicks on button to continue, Brandon enters 'Tunja' into where do we write the city, Brandon enters '150001' into where do we write the zip code, Brandon clicks on where do we write the country]]
[Test worker] WARN net.thucydides.core.steps.BaseStepListener - stepStarted: net.thucydides.core.steps.ExecutedStepDescription@7a907e7b
[Test worker] WARN net.thucydides.core.steps.BaseStepListener - stepFinished: current outcome:Register at the utest page:Given than Cristian wants to register at the utest page [Brandon open up [Brandon opens the Choucair academy page]], When he introduces the data in platform register form
| strName | strlastName | strEmail | strCity | strZipcode | strPassword | strConfirm_password |
| Cristian Camilone | Cuevas Castañeda | cristianca84@romail.com | Tunja | 150001 | Casa1234$%& | Casa1234$%& | [Brandon login [Brandon clicks on button that shows us the form to register, Brandon enters 'Cristian Camilone' into where do we write the first name, Brandon enters 'Cuevas Castañeda' into where do we write the last name, Brandon enters 'cristianca84@romail.com' into where do we write the email, Brandon clicks on where do we write the month, Brandon clicks on where do we write the day, Brandon clicks on where do we write the year, Brandon clicks on button to continue, Brandon enters 'Tunja' into where do we write the city, Brandon enters '150001' into where do we write the zip code, Brandon clicks on where do we write the country, Brandon clicks on butTon to continue to next section]]
[Test worker] WARN net.thucydides.core.steps.BaseStepListener - stepStarted: net.thucydides.core.steps.ExecutedStepDescription@416e3a22
[Test worker] WARN net.thucydides.core.steps.BaseStepListener - stepFinished: current outcome:Register at the utest page:Given than Cristian wants to register at the utest page [Brandon open up [Brandon opens the Choucair academy page]], When he introduces the data in platform register form
| strName | strlastName | strEmail | strCity | strZipcode | strPassword | strConfirm_password |
| Cristian Camilone | Cuevas Castañeda | cristianca84@romail.com | Tunja | 150001 | Casa1234$%& | Casa1234$%& | [Brandon login [Brandon clicks on button that shows us the form to register, Brandon enters 'Cristian Camilone' into where do we write the first name, Brandon enters 'Cuevas Castañeda' into where do we write the last name, Brandon enters 'cristianca84@romail.com' into where do we write the email, Brandon clicks on where do we write the month, Brandon clicks on where do we write the day, Brandon clicks on where do we write the year, Brandon clicks on button to continue, Brandon enters 'Tunja' into where do we write the city, Brandon enters '150001' into where do we write the zip code, Brandon clicks on where do we write the country, Brandon clicks on butTon to continue to next section, Brandon clicks on where do we write the computer]]
[Test worker] WARN net.thucydides.core.steps.BaseStepListener - stepStarted: net.thucydides.core.steps.ExecutedStepDescription@18d94750
[Test worker] WARN net.thucydides.core.steps.BaseStepListener - stepFinished: current outcome:Register at the utest page:Given than Cristian wants to register at the utest page [Brandon open up [Brandon opens the Choucair academy page]], When he introduces the data in platform register form
| strName | strlastName | strEmail | strCity | strZipcode | strPassword | strConfirm_password |
| Cristian Camilone | Cuevas Castañeda | cristianca84@romail.com | Tunja | 150001 | Casa1234$%& | Casa1234$%& | [Brandon login [Brandon clicks on button that shows us the form to register, Brandon enters 'Cristian Camilone' into where do we write the first name, Brandon enters 'Cuevas Castañeda' into where do we write the last name, Brandon enters 'cristianca84@romail.com' into where do we write the email, Brandon clicks on where do we write the month, Brandon clicks on where do we write the day, Brandon clicks on where do we write the year, Brandon clicks on button to continue, Brandon enters 'Tunja' into where do we write the city, Brandon enters '150001' into where do we write the zip code, Brandon clicks on where do we write the country, Brandon clicks on butTon to continue to next section, Brandon clicks on where do we write the computer, Brandon clicks on where do we write the version]]
[Test worker] WARN net.thucydides.core.steps.BaseStepListener - stepStarted: net.thucydides.core.steps.ExecutedStepDescription@31803cfc
[Test worker] WARN net.thucydides.core.steps.BaseStepListener - stepFinished: current outcome:Register at the utest page:Given than Cristian wants to register at the utest page [Brandon open up [Brandon opens the Choucair academy page]], When he introduces the data in platform register form
| strName | strlastName | strEmail | strCity | strZipcode | strPassword | strConfirm_password |
| Cristian Camilone | Cuevas Castañeda | cristianca84@romail.com | Tunja | 150001 | Casa1234$%& | Casa1234$%& | [Brandon login [Brandon clicks on button that shows us the form to register, Brandon enters 'Cristian Camilone' into where do we write the first name, Brandon enters 'Cuevas Castañeda' into where do we write the last name, Brandon enters 'cristianca84@romail.com' into where do we write the email, Brandon clicks on where do we write the month, Brandon clicks on where do we write the day, Brandon clicks on where do we write the year, Brandon clicks on button to continue, Brandon enters 'Tunja' into where do we write the city, Brandon enters '150001' into where do we write the zip code, Brandon clicks on where do we write the country, Brandon clicks on butTon to continue to next section, Brandon clicks on where do we write the computer, Brandon clicks on where do we write the version, Brandon clicks on where do we write the language]]
[Test worker] WARN net.thucydides.core.steps.BaseStepListener - stepStarted: net.thucydides.core.steps.ExecutedStepDescription@bb2ae7d
[Test worker] WARN net.thucydides.core.steps.BaseStepListener - stepFinished: current outcome:Register at the utest page:Given than Cristian wants to register at the utest page [Brandon open up [Brandon opens the Choucair academy page]], When he introduces the data in platform register form
| strName | strlastName | strEmail | strCity | strZipcode | strPassword | strConfirm_password |
| Cristian Camilone | Cuevas Castañeda | cristianca84@romail.com | Tunja | 150001 | Casa1234$%& | Casa1234$%& | [Brandon login [Brandon clicks on button that shows us the form to register, Brandon enters 'Cristian Camilone' into where do we write the first name, Brandon enters 'Cuevas Castañeda' into where do we write the last name, Brandon enters 'cristianca84@romail.com' into where do we write the email, Brandon clicks on where do we write the month, Brandon clicks on where do we write the day, Brandon clicks on where do we write the year, Brandon clicks on button to continue, Brandon enters 'Tunja' into where do we write the city, Brandon enters '150001' into where do we write the zip code, Brandon clicks on where do we write the country, Brandon clicks on butTon to continue to next section, Brandon clicks on where do we write the computer, Brandon clicks on where do we write the version, Brandon clicks on where do we write the language, Brandon clicks on where do we write the mobile]]
[Test worker] WARN net.thucydides.core.steps.BaseStepListener - stepStarted: net.thucydides.core.steps.ExecutedStepDescription@2e2b198b
[Test worker] WARN net.thucydides.core.steps.BaseStepListener - stepFinished: current outcome:Register at the utest page:Given than Cristian wants to register at the utest page [Brandon open up [Brandon opens the Choucair academy page]], When he introduces the data in platform register form
| strName | strlastName | strEmail | strCity | strZipcode | strPassword | strConfirm_password |
| Cristian Camilone | Cuevas Castañeda | cristianca84@romail.com | Tunja | 150001 | Casa1234$%& | Casa1234$%& | [Brandon login [Brandon clicks on button that shows us the form to register, Brandon enters 'Cristian Camilone' into where do we write the first name, Brandon enters 'Cuevas Castañeda' into where do we write the last name, Brandon enters 'cristianca84@romail.com' into where do we write the email, Brandon clicks on where do we write the month, Brandon clicks on where do we write the day, Brandon clicks on where do we write the year, Brandon clicks on button to continue, Brandon enters 'Tunja' into where do we write the city, Brandon enters '150001' into where do we write the zip code, Brandon clicks on where do we write the country, Brandon clicks on butTon to continue to next section, Brandon clicks on where do we write the computer, Brandon clicks on where do we write the version, Brandon clicks on where do we write the language, Brandon clicks on where do we write the mobile, Brandon clicks on where do we write the model]]
[Test worker] WARN net.thucydides.core.steps.BaseStepListener - stepStarted: net.thucydides.core.steps.ExecutedStepDescription@55401183
[Test worker] WARN net.thucydides.core.steps.BaseStepListener - stepFinished: current outcome:Register at the utest page:Given than Cristian wants to register at the utest page [Brandon open up [Brandon opens the Choucair academy page]], When he introduces the data in platform register form
| strName | strlastName | strEmail | strCity | strZipcode | strPassword | strConfirm_password |
| Cristian Camilone | Cuevas Castañeda | cristianca84@romail.com | Tunja | 150001 | Casa1234$%& | Casa1234$%& | [Brandon login [Brandon clicks on button that shows us the form to register, Brandon enters 'Cristian Camilone' into where do we write the first name, Brandon enters 'Cuevas Castañeda' into where do we write the last name, Brandon enters 'cristianca84@romail.com' into where do we write the email, Brandon clicks on where do we write the month, Brandon clicks on where do we write the day, Brandon clicks on where do we write the year, Brandon clicks on button to continue, Brandon enters 'Tunja' into where do we write the city, Brandon enters '150001' into where do we write the zip code, Brandon clicks on where do we write the country, Brandon clicks on butTon to continue to next section, Brandon clicks on where do we write the computer, Brandon clicks on where do we write the version, Brandon clicks on where do we write the language, Brandon clicks on where do we write the mobile, Brandon clicks on where do we write the model, Brandon clicks on where do we write the system]]
[Test worker] WARN net.thucydides.core.steps.BaseStepListener - stepStarted: net.thucydides.core.steps.ExecutedStepDescription@36e06bf4
[Test worker] WARN net.thucydides.core.steps.BaseStepListener - stepFinished: current outcome:Register at the utest page:Given than Cristian wants to register at the utest page [Brandon open up [Brandon opens the Choucair academy page]], When he introduces the data in platform register form
| strName | strlastName | strEmail | strCity | strZipcode | strPassword | strConfirm_password |
| Cristian Camilone | Cuevas Castañeda | cristianca84@romail.com | Tunja | 150001 | Casa1234$%& | Casa1234$%& | [Brandon login [Brandon clicks on button that shows us the form to register, Brandon enters 'Cristian Camilone' into where do we write the first name, Brandon enters 'Cuevas Castañeda' into where do we write the last name, Brandon enters 'cristianca84@romail.com' into where do we write the email, Brandon clicks on where do we write the month, Brandon clicks on where do we write the day, Brandon clicks on where do we write the year, Brandon clicks on button to continue, Brandon enters 'Tunja' into where do we write the city, Brandon enters '150001' into where do we write the zip code, Brandon clicks on where do we write the country, Brandon clicks on butTon to continue to next section, Brandon clicks on where do we write the computer, Brandon clicks on where do we write the version, Brandon clicks on where do we write the language, Brandon clicks on where do we write the mobile, Brandon clicks on where do we write the model, Brandon clicks on where do we write the system, Brandon clicks on butTon to continue to last section]]
[Test worker] WARN net.thucydides.core.steps.BaseStepListener - stepStarted: net.thucydides.core.steps.ExecutedStepDescription@348eda5c
[Test worker] WARN net.thucydides.core.steps.BaseStepListener - stepFinished: current outcome:Register at the utest page:Given than Cristian wants to register at the utest page [Brandon open up [Brandon opens the Choucair academy page]], When he introduces the data in platform register form
| strName | strlastName | strEmail | strCity | strZipcode | strPassword | strConfirm_password |
| Cristian Camilone | Cuevas Castañeda | cristianca84@romail.com | Tunja | 150001 | Casa1234$%& | Casa1234$%& | [Brandon login [Brandon clicks on button that shows us the form to register, Brandon enters 'Cristian Camilone' into where do we write the first name, Brandon enters 'Cuevas Castañeda' into where do we write the last name, Brandon enters 'cristianca84@romail.com' into where do we write the email, Brandon clicks on where do we write the month, Brandon clicks on where do we write the day, Brandon clicks on where do we write the year, Brandon clicks on button to continue, Brandon enters 'Tunja' into where do we write the city, Brandon enters '150001' into where do we write the zip code, Brandon clicks on where do we write the country, Brandon clicks on butTon to continue to next section, Brandon clicks on where do we write the computer, Brandon clicks on where do we write the version, Brandon clicks on where do we write the language, Brandon clicks on where do we write the mobile, Brandon clicks on where do we write the model, Brandon clicks on where do we write the system, Brandon clicks on butTon to continue to last section, Brandon enters 'Casa1234$%&' into where do we write the password]]
[Test worker] WARN net.thucydides.core.steps.BaseStepListener - stepStarted: net.thucydides.core.steps.ExecutedStepDescription@765a8fc6
[Test worker] WARN net.thucydides.core.steps.BaseStepListener - stepFinished: current outcome:Register at the utest page:Given than Cristian wants to register at the utest page [Brandon open up [Brandon opens the Choucair academy page]], When he introduces the data in platform register form
| strName | strlastName | strEmail | strCity | strZipcode | strPassword | strConfirm_password |
| Cristian Camilone | Cuevas Castañeda | cristianca84@romail.com | Tunja | 150001 | Casa1234$%& | Casa1234$%& | [Brandon login [Brandon clicks on button that shows us the form to register, Brandon enters 'Cristian Camilone' into where do we write the first name, Brandon enters 'Cuevas Castañeda' into where do we write the last name, Brandon enters 'cristianca84@romail.com' into where do we write the email, Brandon clicks on where do we write the month, Brandon clicks on where do we write the day, Brandon clicks on where do we write the year, Brandon clicks on button to continue, Brandon enters 'Tunja' into where do we write the city, Brandon enters '150001' into where do we write the zip code, Brandon clicks on where do we write the country, Brandon clicks on butTon to continue to next section, Brandon clicks on where do we write the computer, Brandon clicks on where do we write the version, Brandon clicks on where do we write the language, Brandon clicks on where do we write the mobile, Brandon clicks on where do we write the model, Brandon clicks on where do we write the system, Brandon clicks on butTon to continue to last section, Brandon enters 'Casa1234$%&' into where do we write the password, Brandon enters 'Casa1234$%&' into where do we confirm the password]]
[Test worker] WARN net.thucydides.core.steps.BaseStepListener - stepStarted: net.thucydides.core.steps.ExecutedStepDescription@25f7a903
[Test worker] WARN net.thucydides.core.steps.BaseStepListener - stepFinished: current outcome:Register at the utest page:Given than Cristian wants to register at the utest page [Brandon open up [Brandon opens the Choucair academy page]], When he introduces the data in platform register form
| strName | strlastName | strEmail | strCity | strZipcode | strPassword | strConfirm_password |
| Cristian Camilone | Cuevas Castañeda | cristianca84@romail.com | Tunja | 150001 | Casa1234$%& | Casa1234$%& | [Brandon login [Brandon clicks on button that shows us the form to register, Brandon enters 'Cristian Camilone' into where do we write the first name, Brandon enters 'Cuevas Castañeda' into where do we write the last name, Brandon enters 'cristianca84@romail.com' into where do we write the email, Brandon clicks on where do we write the month, Brandon clicks on where do we write the day, Brandon clicks on where do we write the year, Brandon clicks on button to continue, Brandon enters 'Tunja' into where do we write the city, Brandon enters '150001' into where do we write the zip code, Brandon clicks on where do we write the country, Brandon clicks on butTon to continue to next section, Brandon clicks on where do we write the computer, Brandon clicks on where do we write the version, Brandon clicks on where do we write the language, Brandon clicks on where do we write the mobile, Brandon clicks on where do we write the model, Brandon clicks on where do we write the system, Brandon clicks on butTon to continue to last section, Brandon enters 'Casa1234$%&' into where do we write the password, Brandon enters 'Casa1234$%&' into where do we confirm the password, Brandon clicks on butTon to stay informed]]
[Test worker] WARN net.thucydides.core.steps.BaseStepListener - stepStarted: net.thucydides.core.steps.ExecutedStepDescription@726a02a7
[Test worker] WARN net.thucydides.core.steps.BaseStepListener - stepFinished: current outcome:Register at the utest page:Given than Cristian wants to register at the utest page [Brandon open up [Brandon opens the Choucair academy page]], When he introduces the data in platform register form
| strName | strlastName | strEmail | strCity | strZipcode | strPassword | strConfirm_password |
| Cristian Camilone | Cuevas Castañeda | cristianca84@romail.com | Tunja | 150001 | Casa1234$%& | Casa1234$%& | [Brandon login [Brandon clicks on button that shows us the form to register, Brandon enters 'Cristian Camilone' into where do we write the first name, Brandon enters 'Cuevas Castañeda' into where do we write the last name, Brandon enters 'cristianca84@romail.com' into where do we write the email, Brandon clicks on where do we write the month, Brandon clicks on where do we write the day, Brandon clicks on where do we write the year, Brandon clicks on button to continue, Brandon enters 'Tunja' into where do we write the city, Brandon enters '150001' into where do we write the zip code, Brandon clicks on where do we write the country, Brandon clicks on butTon to continue to next section, Brandon clicks on where do we write the computer, Brandon clicks on where do we write the version, Brandon clicks on where do we write the language, Brandon clicks on where do we write the mobile, Brandon clicks on where do we write the model, Brandon clicks on where do we write the system, Brandon clicks on butTon to continue to last section, Brandon enters 'Casa1234$%&' into where do we write the password, Brandon enters 'Casa1234$%&' into where do we confirm the password, Brandon clicks on butTon to stay informed, Brandon clicks on butTon to confirm I have read the term]]
[Test worker] WARN net.thucydides.core.steps.BaseStepListener - stepStarted: net.thucydides.core.steps.ExecutedStepDescription@79e02c44
[Test worker] WARN net.thucydides.core.steps.BaseStepListener - stepFinished: current outcome:Register at the utest page:Given than Cristian wants to register at the utest page [Brandon open up [Brandon opens the Choucair academy page]], When he introduces the data in platform register form
| strName | strlastName | strEmail | strCity | strZipcode | strPassword | strConfirm_password |
| Cristian Camilone | Cuevas Castañeda | cristianca84@romail.com | Tunja | 150001 | Casa1234$%& | Casa1234$%& | [Brandon login [Brandon clicks on button that shows us the form to register, Brandon enters 'Cristian Camilone' into where do we write the first name, Brandon enters 'Cuevas Castañeda' into where do we write the last name, Brandon enters 'cristianca84@romail.com' into where do we write the email, Brandon clicks on where do we write the month, Brandon clicks on where do we write the day, Brandon clicks on where do we write the year, Brandon clicks on button to continue, Brandon enters 'Tunja' into where do we write the city, Brandon enters '150001' into where do we write the zip code, Brandon clicks on where do we write the country, Brandon clicks on butTon to continue to next section, Brandon clicks on where do we write the computer, Brandon clicks on where do we write the version, Brandon clicks on where do we write the language, Brandon clicks on where do we write the mobile, Brandon clicks on where do we write the model, Brandon clicks on where do we write the system, Brandon clicks on butTon to continue to last section, Brandon enters 'Casa1234$%&' into where do we write the password, Brandon enters 'Casa1234$%&' into where do we confirm the password, Brandon clicks on butTon to stay informed, Brandon clicks on butTon to confirm I have read the term, Brandon clicks on butTon to confirm i have read the privacy politics]]
[Test worker] WARN net.thucydides.core.steps.BaseStepListener - stepStarted: net.thucydides.core.steps.ExecutedStepDescription@54786058
[Test worker] WARN net.thucydides.core.steps.BaseStepListener - stepFinished: current outcome:Register at the utest page:Given than Cristian wants to register at the utest page [Brandon open up [Brandon opens the Choucair academy page]], When he introduces the data in platform register form
| strName | strlastName | strEmail | strCity | strZipcode | strPassword | strConfirm_password |
| Cristian Camilone | Cuevas Castañeda | cristianca84@romail.com | Tunja | 150001 | Casa1234$%& | Casa1234$%& | [Brandon login [Brandon clicks on button that shows us the form to register, Brandon enters 'Cristian Camilone' into where do we write the first name, Brandon enters 'Cuevas Castañeda' into where do we write the last name, Brandon enters 'cristianca84@romail.com' into where do we write the email, Brandon clicks on where do we write the month, Brandon clicks on where do we write the day, Brandon clicks on where do we write the year, Brandon clicks on button to continue, Brandon enters 'Tunja' into where do we write the city, Brandon enters '150001' into where do we write the zip code, Brandon clicks on where do we write the country, Brandon clicks on butTon to continue to next section, Brandon clicks on where do we write the computer, Brandon clicks on where do we write the version, Brandon clicks on where do we write the language, Brandon clicks on where do we write the mobile, Brandon clicks on where do we write the model, Brandon clicks on where do we write the system, Brandon clicks on butTon to continue to last section, Brandon enters 'Casa1234$%&' into where do we write the password, Brandon enters 'Casa1234$%&' into where do we confirm the password, Brandon clicks on butTon to stay informed, Brandon clicks on butTon to confirm I have read the term, Brandon clicks on butTon to confirm i have read the privacy politics, Brandon clicks on butTon to confirm]]
[Test worker] WARN net.thucydides.core.steps.BaseStepListener - stepFinished: current outcome:Register at the utest page:Given than Cristian wants to register at the utest page [Brandon open up [Brandon opens the Choucair academy page]], When he introduces the data in platform register form
| strName | strlastName | strEmail | strCity | strZipcode | strPassword | strConfirm_password |
| Cristian Camilone | Cuevas Castañeda | cristianca84@romail.com | Tunja | 150001 | Casa1234$%& | Casa1234$%& | [Brandon login [Brandon clicks on button that shows us the form to register, Brandon enters 'Cristian Camilone' into where do we write the first name, Brandon enters 'Cuevas Castañeda' into where do we write the last name, Brandon enters 'cristianca84@romail.com' into where do we write the email, Brandon clicks on where do we write the month, Brandon clicks on where do we write the day, Brandon clicks on where do we write the year, Brandon clicks on button to continue, Brandon enters 'Tunja' into where do we write the city, Brandon enters '150001' into where do we write the zip code, Brandon clicks on where do we write the country, Brandon clicks on butTon to continue to next section, Brandon clicks on where do we write the computer, Brandon clicks on where do we write the version, Brandon clicks on where do we write the language, Brandon clicks on where do we write the mobile, Brandon clicks on where do we write the model, Brandon clicks on where do we write the system, Brandon clicks on butTon to continue to last section, Brandon enters 'Casa1234$%&' into where do we write the password, Brandon enters 'Casa1234$%&' into where do we confirm the password, Brandon clicks on butTon to stay informed, Brandon clicks on butTon to confirm I have read the term, Brandon clicks on butTon to confirm i have read the privacy politics, Brandon clicks on butTon to confirm]]
[Test worker] WARN net.thucydides.core.steps.BaseStepListener - stepFinished: current outcome:Register at the utest page:Given than Cristian wants to register at the utest page [Brandon open up [Brandon opens the Choucair academy page]], When he introduces the data in platform register form
| strName | strlastName | strEmail | strCity | strZipcode | strPassword | strConfirm_password |
| Cristian Camilone | Cuevas Castañeda | cristianca84@romail.com | Tunja | 150001 | Casa1234$%& | Casa1234$%& | [Brandon login [Brandon clicks on button that shows us the form to register, Brandon enters 'Cristian Camilone' into where do we write the first name, Brandon enters 'Cuevas Castañeda' into where do we write the last name, Brandon enters 'cristianca84@romail.com' into where do we write the email, Brandon clicks on where do we write the month, Brandon clicks on where do we write the day, Brandon clicks on where do we write the year, Brandon clicks on button to continue, Brandon enters 'Tunja' into where do we write the city, Brandon enters '150001' into where do we write the zip code, Brandon clicks on where do we write the country, Brandon clicks on butTon to continue to next section, Brandon clicks on where do we write the computer, Brandon clicks on where do we write the version, Brandon clicks on where do we write the language, Brandon clicks on where do we write the mobile, Brandon clicks on where do we write the model, Brandon clicks on where do we write the system, Brandon clicks on butTon to continue to last section, Brandon enters 'Casa1234$%&' into where do we write the password, Brandon enters 'Casa1234$%&' into where do we confirm the password, Brandon clicks on butTon to stay informed, Brandon clicks on butTon to confirm I have read the term, Brandon clicks on butTon to confirm i have read the privacy politics, Brandon clicks on butTon to confirm]]
[Test worker] WARN net.thucydides.core.steps.BaseStepListener - stepStarted: net.thucydides.core.steps.ExecutedStepDescription@69cd328d
[Test worker] WARN net.thucydides.core.steps.BaseStepListener - stepFinished: current outcome:Register at the utest page:Given than Cristian wants to register at the utest page [Brandon open up [Brandon opens the Choucair academy page]], When he introduces the data in platform register form
| strName | strlastName | strEmail | strCity | strZipcode | strPassword | strConfirm_password |
| Cristian Camilone | Cuevas Castañeda | cristianca84@romail.com | Tunja | 150001 | Casa1234$%& | Casa1234$%& | [Brandon login [Brandon clicks on button that shows us the form to register, Brandon enters 'Cristian Camilone' into where do we write the first name, Brandon enters 'Cuevas Castañeda' into where do we write the last name, Brandon enters 'cristianca84@romail.com' into where do we write the email, Brandon clicks on where do we write the month, Brandon clicks on where do we write the day, Brandon clicks on where do we write the year, Brandon clicks on button to continue, Brandon enters 'Tunja' into where do we write the city, Brandon enters '150001' into where do we write the zip code, Brandon clicks on where do we write the country, Brandon clicks on butTon to continue to next section, Brandon clicks on where do we write the computer, Brandon clicks on where do we write the version, Brandon clicks on where do we write the language, Brandon clicks on where do we write the mobile, Brandon clicks on where do we write the model, Brandon clicks on where do we write the system, Brandon clicks on butTon to continue to last section, Brandon enters 'Casa1234$%&' into where do we write the password, Brandon enters 'Casa1234$%&' into where do we confirm the password, Brandon clicks on butTon to stay informed, Brandon clicks on butTon to confirm I have read the term, Brandon clicks on butTon to confirm i have read the privacy politics, Brandon clicks on butTon to confirm]], Then he got registtered on the utest platform
[Test worker] WARN net.thucydides.core.steps.BaseStepListener - testFinished: Register at the utest page:Given than Cristian wants to register at the utest page [Brandon open up [Brandon opens the Choucair academy page]], When he introduces the data in platform register form
| strName | strlastName | strEmail | strCity | strZipcode | strPassword | strConfirm_password |
| Cristian Camilone | Cuevas Castañeda | cristianca84@romail.com | Tunja | 150001 | Casa1234$%& | Casa1234$%& | [Brandon login [Brandon clicks on button that shows us the form to register, Brandon enters 'Cristian Camilone' into where do we write the first name, Brandon enters 'Cuevas Castañeda' into where do we write the last name, Brandon enters 'cristianca84@romail.com' into where do we write the email, Brandon clicks on where do we write the month, Brandon clicks on where do we write the day, Brandon clicks on where do we write the year, Brandon clicks on button to continue, Brandon enters 'Tunja' into where do we write the city, Brandon enters '150001' into where do we write the zip code, Brandon clicks on where do we write the country, Brandon clicks on butTon to continue to next section, Brandon clicks on where do we write the computer, Brandon clicks on where do we write the version, Brandon clicks on where do we write the language, Brandon clicks on where do we write the mobile, Brandon clicks on where do we write the model, Brandon clicks on where do we write the system, Brandon clicks on butTon to continue to last section, Brandon enters 'Casa1234$%&' into where do we write the password, Brandon enters 'Casa1234$%&' into where do we confirm the password, Brandon clicks on butTon to stay informed, Brandon clicks on butTon to confirm I have read the term, Brandon clicks on butTon to confirm i have read the privacy politics, Brandon clicks on butTon to confirm]], Then he got registtered on the utest platform
[Test worker] WARN net.thucydides.core.steps.BaseStepListener - TestOutcomes: [Register at the utest page:Given than Cristian wants to register at the utest page [Brandon open up [Brandon opens the Choucair academy page]], When he introduces the data in platform register form
| strName | strlastName | strEmail | strCity | strZipcode | strPassword | strConfirm_password |
| Cristian Camilone | Cuevas Castañeda | cristianca84@romail.com | Tunja | 150001 | Casa1234$%& | Casa1234$%& | [Brandon login [Brandon clicks on button that shows us the form to register, Brandon enters 'Cristian Camilone' into where do we write the first name, Brandon enters 'Cuevas Castañeda' into where do we write the last name, Brandon enters 'cristianca84@romail.com' into where do we write the email, Brandon clicks on where do we write the month, Brandon clicks on where do we write the day, Brandon clicks on where do we write the year, Brandon clicks on button to continue, Brandon enters 'Tunja' into where do we write the city, Brandon enters '150001' into where do we write the zip code, Brandon clicks on where do we write the country, Brandon clicks on butTon to continue to next section, Brandon clicks on where do we write the computer, Brandon clicks on where do we write the version, Brandon clicks on where do we write the language, Brandon clicks on where do we write the mobile, Brandon clicks on where do we write the model, Brandon clicks on where do we write the system, Brandon clicks on butTon to continue to last section, Brandon enters 'Casa1234$%&' into where do we write the password, Brandon enters 'Casa1234$%&' into where do we confirm the password, Brandon clicks on butTon to stay informed, Brandon clicks on butTon to confirm I have read the term, Brandon clicks on butTon to confirm i have read the privacy politics, Brandon clicks on butTon to confirm]], Then he got registtered on the utest platform]
[Test worker] WARN net.thucydides.core.steps.BaseStepListener - Final testOutcomes: [Register at the utest page:Given than Cristian wants to register at the utest page [Brandon open up [Brandon opens the Choucair academy page]], When he introduces the data in platform register form
| strName | strlastName | strEmail | strCity | strZipcode | strPassword | strConfirm_password |
| Cristian Camilone | Cuevas Castañeda | cristianca84@romail.com | Tunja | 150001 | Casa1234$%& | Casa1234$%& | [Brandon login [Brandon clicks on button that shows us the form to register, Brandon enters 'Cristian Camilone' into where do we write the first name, Brandon enters 'Cuevas Castañeda' into where do we write the last name, Brandon enters 'cristianca84@romail.com' into where do we write the email, Brandon clicks on where do we write the month, Brandon clicks on where do we write the day, Brandon clicks on where do we write the year, Brandon clicks on button to continue, Brandon enters 'Tunja' into where do we write the city, Brandon enters '150001' into where do we write the zip code, Brandon clicks on where do we write the country, Brandon clicks on butTon to continue to next section, Brandon clicks on where do we write the computer, Brandon clicks on where do we write the version, Brandon clicks on where do we write the language, Brandon clicks on where do we write the mobile, Brandon clicks on where do we write the model, Brandon clicks on where do we write the system, Brandon clicks on butTon to continue to last section, Brandon enters 'Casa1234$%&' into where do we write the password, Brandon enters 'Casa1234$%&' into where do we confirm the password, Brandon clicks on butTon to stay informed, Brandon clicks on butTon to confirm I have read the term, Brandon clicks on butTon to confirm i have read the privacy politics, Brandon clicks on butTon to confirm]], Then he got registtered on the utest platform]
[Test worker] INFO net.thucydides.core.steps.ConsoleLoggingListener - 
        __    _____ _____ ____ _____   ____   _    ____  ____  _____ ____  
  _     \ \  |_   _| ____/ ___|_   _| |  _ \ / \  / ___|/ ___|| ____|  _ \ 
 (_)_____| |   | | |  _| \___ \ | |   | |_) / _ \ \___ \\___ \|  _| | | | |
  _|_____| |   | | | |___ ___) || |   |  __/ ___ \ ___) |___) | |___| |_| |
 (_)     | |   |_| |_____|____/ |_|   |_| /_/   \_\____/|____/|_____|____/ 
        /_/                                                                

TEST PASSED: Register at the utest page
----------------------------------------------------------------------------
]]></system-err>
</testsuite>
