<?xml version="1.0" encoding="UTF-8"?>
<testsuite name="Academy Choucair" tests="1" skipped="1" failures="0" errors="0" timestamp="2021-06-30T14:49:36" hostname="MacBook-Pro-de-Cristian.local" time="34.497">
  <properties/>
  <testcase name="Search for a automation course" classname="Academy Choucair" time="34.497">
    <skipped/>
  </testcase>
  <system-out><![CDATA[]]></system-out>
  <system-err><![CDATA[[Test worker] WARN net.thucydides.core.steps.BaseStepListener - stepStarted: net.thucydides.core.steps.ExecutedStepDescription@60afadbc
[Test worker] WARN net.thucydides.core.steps.BaseStepListener - stepStarted: net.thucydides.core.steps.ExecutedStepDescription@50b12a87
[Test worker] WARN net.thucydides.core.steps.BaseStepListener - stepStarted: net.thucydides.core.steps.ExecutedStepDescription@612f1ecd
jun 30, 2021 9:49:37 AM org.openqa.selenium.remote.DesiredCapabilities chrome
INFORMACIÓN: Using `new ChromeOptions()` is preferred to `DesiredCapabilities.chrome()`
[Test worker] INFO net.serenitybdd.core.webdriver.driverproviders.ProvideNewDriver - Instantiating driver
[Test worker] INFO net.serenitybdd.core.webdriver.driverproviders.ProvideNewDriver - Driver capabilities: Capabilities {acceptInsecureCerts: false, browserName: chrome, goog:chromeOptions: {args: [], extensions: []}, loggingPrefs: org.openqa.selenium.logging..., platform: ANY, version: }
Starting ChromeDriver 91.0.4472.19 (1bf021f248676a0b2ab3ee0561d83a59e424c23e-refs/branch-heads/4472@{#288}) on port 17668
Only local connections are allowed.
Please see https://chromedriver.chromium.org/security-considerations for suggestions on keeping ChromeDriver safe.
ChromeDriver was started successfully.
jun 30, 2021 9:49:42 AM org.openqa.selenium.remote.ProtocolHandshake createSession
INFORMACIÓN: Detected dialect: W3C
[Test worker] WARN net.thucydides.core.steps.BaseStepListener - stepFinished: current outcome:Search for a automation course:Given than brandon wants to learn automation at the academy Choucair
| strName | strlastName | strEmail | strCity | strZipcode | strPassword | strConfirm_password |
| Cristian Camilo | Cuevas Castañeda | cristianca84@remail.com | Tunja | 150001 | Casa1234$%& | Casa1234$%& | [Brandon open up [Brandon opens the Choucair academy page]]
[Test worker] WARN net.thucydides.core.steps.BaseStepListener - stepFinished: current outcome:Search for a automation course:Given than brandon wants to learn automation at the academy Choucair
| strName | strlastName | strEmail | strCity | strZipcode | strPassword | strConfirm_password |
| Cristian Camilo | Cuevas Castañeda | cristianca84@remail.com | Tunja | 150001 | Casa1234$%& | Casa1234$%& | [Brandon open up [Brandon opens the Choucair academy page]]
[Test worker] WARN net.thucydides.core.steps.BaseStepListener - stepStarted: net.thucydides.core.steps.ExecutedStepDescription@693c88d6
[Test worker] WARN net.thucydides.core.steps.BaseStepListener - stepStarted: net.thucydides.core.steps.ExecutedStepDescription@41043e49
[Test worker] WARN net.thucydides.core.steps.BaseStepListener - stepFinished: current outcome:Search for a automation course:Given than brandon wants to learn automation at the academy Choucair
| strName | strlastName | strEmail | strCity | strZipcode | strPassword | strConfirm_password |
| Cristian Camilo | Cuevas Castañeda | cristianca84@remail.com | Tunja | 150001 | Casa1234$%& | Casa1234$%& | [Brandon open up [Brandon opens the Choucair academy page], Brandon login [Brandon clicks on button that shows us the form to register]]
[Test worker] WARN net.thucydides.core.steps.BaseStepListener - stepStarted: net.thucydides.core.steps.ExecutedStepDescription@67f35841
[Test worker] WARN net.thucydides.core.steps.BaseStepListener - stepFinished: current outcome:Search for a automation course:Given than brandon wants to learn automation at the academy Choucair
| strName | strlastName | strEmail | strCity | strZipcode | strPassword | strConfirm_password |
| Cristian Camilo | Cuevas Castañeda | cristianca84@remail.com | Tunja | 150001 | Casa1234$%& | Casa1234$%& | [Brandon open up [Brandon opens the Choucair academy page], Brandon login [Brandon clicks on button that shows us the form to register, Brandon enters 'Cristian Camilo' into where do we write the first name]]
[Test worker] WARN net.thucydides.core.steps.BaseStepListener - stepStarted: net.thucydides.core.steps.ExecutedStepDescription@114c9346
[Test worker] WARN net.thucydides.core.steps.BaseStepListener - stepFinished: current outcome:Search for a automation course:Given than brandon wants to learn automation at the academy Choucair
| strName | strlastName | strEmail | strCity | strZipcode | strPassword | strConfirm_password |
| Cristian Camilo | Cuevas Castañeda | cristianca84@remail.com | Tunja | 150001 | Casa1234$%& | Casa1234$%& | [Brandon open up [Brandon opens the Choucair academy page], Brandon login [Brandon clicks on button that shows us the form to register, Brandon enters 'Cristian Camilo' into where do we write the first name, Brandon enters 'Cuevas Castañeda' into where do we write the last name]]
[Test worker] WARN net.thucydides.core.steps.BaseStepListener - stepStarted: net.thucydides.core.steps.ExecutedStepDescription@16530f82
[Test worker] WARN net.thucydides.core.steps.BaseStepListener - stepFinished: current outcome:Search for a automation course:Given than brandon wants to learn automation at the academy Choucair
| strName | strlastName | strEmail | strCity | strZipcode | strPassword | strConfirm_password |
| Cristian Camilo | Cuevas Castañeda | cristianca84@remail.com | Tunja | 150001 | Casa1234$%& | Casa1234$%& | [Brandon open up [Brandon opens the Choucair academy page], Brandon login [Brandon clicks on button that shows us the form to register, Brandon enters 'Cristian Camilo' into where do we write the first name, Brandon enters 'Cuevas Castañeda' into where do we write the last name, Brandon enters 'cristianca84@remail.com' into where do we write the email]]
[Test worker] WARN net.thucydides.core.steps.BaseStepListener - stepStarted: net.thucydides.core.steps.ExecutedStepDescription@57f99a6
[Test worker] WARN net.thucydides.core.steps.BaseStepListener - stepFinished: current outcome:Search for a automation course:Given than brandon wants to learn automation at the academy Choucair
| strName | strlastName | strEmail | strCity | strZipcode | strPassword | strConfirm_password |
| Cristian Camilo | Cuevas Castañeda | cristianca84@remail.com | Tunja | 150001 | Casa1234$%& | Casa1234$%& | [Brandon open up [Brandon opens the Choucair academy page], Brandon login [Brandon clicks on button that shows us the form to register, Brandon enters 'Cristian Camilo' into where do we write the first name, Brandon enters 'Cuevas Castañeda' into where do we write the last name, Brandon enters 'cristianca84@remail.com' into where do we write the email, Brandon clicks on where do we write the month]]
[Test worker] WARN net.thucydides.core.steps.BaseStepListener - stepStarted: net.thucydides.core.steps.ExecutedStepDescription@28150215
[Test worker] WARN net.thucydides.core.steps.BaseStepListener - stepFinished: current outcome:Search for a automation course:Given than brandon wants to learn automation at the academy Choucair
| strName | strlastName | strEmail | strCity | strZipcode | strPassword | strConfirm_password |
| Cristian Camilo | Cuevas Castañeda | cristianca84@remail.com | Tunja | 150001 | Casa1234$%& | Casa1234$%& | [Brandon open up [Brandon opens the Choucair academy page], Brandon login [Brandon clicks on button that shows us the form to register, Brandon enters 'Cristian Camilo' into where do we write the first name, Brandon enters 'Cuevas Castañeda' into where do we write the last name, Brandon enters 'cristianca84@remail.com' into where do we write the email, Brandon clicks on where do we write the month, Brandon clicks on where do we write the day]]
[Test worker] WARN net.thucydides.core.steps.BaseStepListener - stepStarted: net.thucydides.core.steps.ExecutedStepDescription@209adbe3
[Test worker] WARN net.thucydides.core.steps.BaseStepListener - stepFinished: current outcome:Search for a automation course:Given than brandon wants to learn automation at the academy Choucair
| strName | strlastName | strEmail | strCity | strZipcode | strPassword | strConfirm_password |
| Cristian Camilo | Cuevas Castañeda | cristianca84@remail.com | Tunja | 150001 | Casa1234$%& | Casa1234$%& | [Brandon open up [Brandon opens the Choucair academy page], Brandon login [Brandon clicks on button that shows us the form to register, Brandon enters 'Cristian Camilo' into where do we write the first name, Brandon enters 'Cuevas Castañeda' into where do we write the last name, Brandon enters 'cristianca84@remail.com' into where do we write the email, Brandon clicks on where do we write the month, Brandon clicks on where do we write the day, Brandon clicks on where do we write the year]]
[Test worker] WARN net.thucydides.core.steps.BaseStepListener - stepStarted: net.thucydides.core.steps.ExecutedStepDescription@18fcd32a
[Test worker] WARN net.thucydides.core.steps.BaseStepListener - stepFinished: current outcome:Search for a automation course:Given than brandon wants to learn automation at the academy Choucair
| strName | strlastName | strEmail | strCity | strZipcode | strPassword | strConfirm_password |
| Cristian Camilo | Cuevas Castañeda | cristianca84@remail.com | Tunja | 150001 | Casa1234$%& | Casa1234$%& | [Brandon open up [Brandon opens the Choucair academy page], Brandon login [Brandon clicks on button that shows us the form to register, Brandon enters 'Cristian Camilo' into where do we write the first name, Brandon enters 'Cuevas Castañeda' into where do we write the last name, Brandon enters 'cristianca84@remail.com' into where do we write the email, Brandon clicks on where do we write the month, Brandon clicks on where do we write the day, Brandon clicks on where do we write the year, Brandon clicks on button to continue]]
[Test worker] WARN net.thucydides.core.steps.BaseStepListener - stepStarted: net.thucydides.core.steps.ExecutedStepDescription@66b69af9
[Test worker] WARN net.thucydides.core.steps.BaseStepListener - stepFinished: current outcome:Search for a automation course:Given than brandon wants to learn automation at the academy Choucair
| strName | strlastName | strEmail | strCity | strZipcode | strPassword | strConfirm_password |
| Cristian Camilo | Cuevas Castañeda | cristianca84@remail.com | Tunja | 150001 | Casa1234$%& | Casa1234$%& | [Brandon open up [Brandon opens the Choucair academy page], Brandon login [Brandon clicks on button that shows us the form to register, Brandon enters 'Cristian Camilo' into where do we write the first name, Brandon enters 'Cuevas Castañeda' into where do we write the last name, Brandon enters 'cristianca84@remail.com' into where do we write the email, Brandon clicks on where do we write the month, Brandon clicks on where do we write the day, Brandon clicks on where do we write the year, Brandon clicks on button to continue, Brandon enters 'Tunja' into where do we write the city]]
[Test worker] WARN net.thucydides.core.steps.BaseStepListener - stepStarted: net.thucydides.core.steps.ExecutedStepDescription@4c3982f9
[Test worker] WARN net.thucydides.core.steps.BaseStepListener - stepFinished: current outcome:Search for a automation course:Given than brandon wants to learn automation at the academy Choucair
| strName | strlastName | strEmail | strCity | strZipcode | strPassword | strConfirm_password |
| Cristian Camilo | Cuevas Castañeda | cristianca84@remail.com | Tunja | 150001 | Casa1234$%& | Casa1234$%& | [Brandon open up [Brandon opens the Choucair academy page], Brandon login [Brandon clicks on button that shows us the form to register, Brandon enters 'Cristian Camilo' into where do we write the first name, Brandon enters 'Cuevas Castañeda' into where do we write the last name, Brandon enters 'cristianca84@remail.com' into where do we write the email, Brandon clicks on where do we write the month, Brandon clicks on where do we write the day, Brandon clicks on where do we write the year, Brandon clicks on button to continue, Brandon enters 'Tunja' into where do we write the city, Brandon enters '150001' into where do we write the zip code]]
[Test worker] WARN net.thucydides.core.steps.BaseStepListener - stepStarted: net.thucydides.core.steps.ExecutedStepDescription@2d489d17
[Test worker] WARN net.thucydides.core.steps.BaseStepListener - stepFinished: current outcome:Search for a automation course:Given than brandon wants to learn automation at the academy Choucair
| strName | strlastName | strEmail | strCity | strZipcode | strPassword | strConfirm_password |
| Cristian Camilo | Cuevas Castañeda | cristianca84@remail.com | Tunja | 150001 | Casa1234$%& | Casa1234$%& | [Brandon open up [Brandon opens the Choucair academy page], Brandon login [Brandon clicks on button that shows us the form to register, Brandon enters 'Cristian Camilo' into where do we write the first name, Brandon enters 'Cuevas Castañeda' into where do we write the last name, Brandon enters 'cristianca84@remail.com' into where do we write the email, Brandon clicks on where do we write the month, Brandon clicks on where do we write the day, Brandon clicks on where do we write the year, Brandon clicks on button to continue, Brandon enters 'Tunja' into where do we write the city, Brandon enters '150001' into where do we write the zip code, Brandon clicks on where do we write the country]]
[Test worker] WARN net.thucydides.core.steps.BaseStepListener - stepStarted: net.thucydides.core.steps.ExecutedStepDescription@567876db
[Test worker] WARN net.thucydides.core.steps.BaseStepListener - stepFinished: current outcome:Search for a automation course:Given than brandon wants to learn automation at the academy Choucair
| strName | strlastName | strEmail | strCity | strZipcode | strPassword | strConfirm_password |
| Cristian Camilo | Cuevas Castañeda | cristianca84@remail.com | Tunja | 150001 | Casa1234$%& | Casa1234$%& | [Brandon open up [Brandon opens the Choucair academy page], Brandon login [Brandon clicks on button that shows us the form to register, Brandon enters 'Cristian Camilo' into where do we write the first name, Brandon enters 'Cuevas Castañeda' into where do we write the last name, Brandon enters 'cristianca84@remail.com' into where do we write the email, Brandon clicks on where do we write the month, Brandon clicks on where do we write the day, Brandon clicks on where do we write the year, Brandon clicks on button to continue, Brandon enters 'Tunja' into where do we write the city, Brandon enters '150001' into where do we write the zip code, Brandon clicks on where do we write the country, Brandon clicks on butTon to continue to next section]]
[Test worker] WARN net.thucydides.core.steps.BaseStepListener - stepStarted: net.thucydides.core.steps.ExecutedStepDescription@56d806b7
[Test worker] WARN net.thucydides.core.steps.BaseStepListener - stepFinished: current outcome:Search for a automation course:Given than brandon wants to learn automation at the academy Choucair
| strName | strlastName | strEmail | strCity | strZipcode | strPassword | strConfirm_password |
| Cristian Camilo | Cuevas Castañeda | cristianca84@remail.com | Tunja | 150001 | Casa1234$%& | Casa1234$%& | [Brandon open up [Brandon opens the Choucair academy page], Brandon login [Brandon clicks on button that shows us the form to register, Brandon enters 'Cristian Camilo' into where do we write the first name, Brandon enters 'Cuevas Castañeda' into where do we write the last name, Brandon enters 'cristianca84@remail.com' into where do we write the email, Brandon clicks on where do we write the month, Brandon clicks on where do we write the day, Brandon clicks on where do we write the year, Brandon clicks on button to continue, Brandon enters 'Tunja' into where do we write the city, Brandon enters '150001' into where do we write the zip code, Brandon clicks on where do we write the country, Brandon clicks on butTon to continue to next section, Brandon clicks on where do we write the computer]]
[Test worker] WARN net.thucydides.core.steps.BaseStepListener - stepStarted: net.thucydides.core.steps.ExecutedStepDescription@8d79646
[Test worker] WARN net.thucydides.core.steps.BaseStepListener - stepFinished: current outcome:Search for a automation course:Given than brandon wants to learn automation at the academy Choucair
| strName | strlastName | strEmail | strCity | strZipcode | strPassword | strConfirm_password |
| Cristian Camilo | Cuevas Castañeda | cristianca84@remail.com | Tunja | 150001 | Casa1234$%& | Casa1234$%& | [Brandon open up [Brandon opens the Choucair academy page], Brandon login [Brandon clicks on button that shows us the form to register, Brandon enters 'Cristian Camilo' into where do we write the first name, Brandon enters 'Cuevas Castañeda' into where do we write the last name, Brandon enters 'cristianca84@remail.com' into where do we write the email, Brandon clicks on where do we write the month, Brandon clicks on where do we write the day, Brandon clicks on where do we write the year, Brandon clicks on button to continue, Brandon enters 'Tunja' into where do we write the city, Brandon enters '150001' into where do we write the zip code, Brandon clicks on where do we write the country, Brandon clicks on butTon to continue to next section, Brandon clicks on where do we write the computer, Brandon clicks on where do we write the version]]
[Test worker] WARN net.thucydides.core.steps.BaseStepListener - stepStarted: net.thucydides.core.steps.ExecutedStepDescription@31b53282
[Test worker] WARN net.thucydides.core.steps.BaseStepListener - stepFinished: current outcome:Search for a automation course:Given than brandon wants to learn automation at the academy Choucair
| strName | strlastName | strEmail | strCity | strZipcode | strPassword | strConfirm_password |
| Cristian Camilo | Cuevas Castañeda | cristianca84@remail.com | Tunja | 150001 | Casa1234$%& | Casa1234$%& | [Brandon open up [Brandon opens the Choucair academy page], Brandon login [Brandon clicks on button that shows us the form to register, Brandon enters 'Cristian Camilo' into where do we write the first name, Brandon enters 'Cuevas Castañeda' into where do we write the last name, Brandon enters 'cristianca84@remail.com' into where do we write the email, Brandon clicks on where do we write the month, Brandon clicks on where do we write the day, Brandon clicks on where do we write the year, Brandon clicks on button to continue, Brandon enters 'Tunja' into where do we write the city, Brandon enters '150001' into where do we write the zip code, Brandon clicks on where do we write the country, Brandon clicks on butTon to continue to next section, Brandon clicks on where do we write the computer, Brandon clicks on where do we write the version, Brandon clicks on where do we write the language]]
[Test worker] WARN net.thucydides.core.steps.BaseStepListener - stepStarted: net.thucydides.core.steps.ExecutedStepDescription@55852117
[Test worker] WARN net.thucydides.core.steps.BaseStepListener - stepFinished: current outcome:Search for a automation course:Given than brandon wants to learn automation at the academy Choucair
| strName | strlastName | strEmail | strCity | strZipcode | strPassword | strConfirm_password |
| Cristian Camilo | Cuevas Castañeda | cristianca84@remail.com | Tunja | 150001 | Casa1234$%& | Casa1234$%& | [Brandon open up [Brandon opens the Choucair academy page], Brandon login [Brandon clicks on button that shows us the form to register, Brandon enters 'Cristian Camilo' into where do we write the first name, Brandon enters 'Cuevas Castañeda' into where do we write the last name, Brandon enters 'cristianca84@remail.com' into where do we write the email, Brandon clicks on where do we write the month, Brandon clicks on where do we write the day, Brandon clicks on where do we write the year, Brandon clicks on button to continue, Brandon enters 'Tunja' into where do we write the city, Brandon enters '150001' into where do we write the zip code, Brandon clicks on where do we write the country, Brandon clicks on butTon to continue to next section, Brandon clicks on where do we write the computer, Brandon clicks on where do we write the version, Brandon clicks on where do we write the language, Brandon clicks on where do we write the mobile]]
[Test worker] WARN net.thucydides.core.steps.BaseStepListener - stepStarted: net.thucydides.core.steps.ExecutedStepDescription@5406b42a
[Test worker] WARN net.thucydides.core.steps.BaseStepListener - stepFinished: current outcome:Search for a automation course:Given than brandon wants to learn automation at the academy Choucair
| strName | strlastName | strEmail | strCity | strZipcode | strPassword | strConfirm_password |
| Cristian Camilo | Cuevas Castañeda | cristianca84@remail.com | Tunja | 150001 | Casa1234$%& | Casa1234$%& | [Brandon open up [Brandon opens the Choucair academy page], Brandon login [Brandon clicks on button that shows us the form to register, Brandon enters 'Cristian Camilo' into where do we write the first name, Brandon enters 'Cuevas Castañeda' into where do we write the last name, Brandon enters 'cristianca84@remail.com' into where do we write the email, Brandon clicks on where do we write the month, Brandon clicks on where do we write the day, Brandon clicks on where do we write the year, Brandon clicks on button to continue, Brandon enters 'Tunja' into where do we write the city, Brandon enters '150001' into where do we write the zip code, Brandon clicks on where do we write the country, Brandon clicks on butTon to continue to next section, Brandon clicks on where do we write the computer, Brandon clicks on where do we write the version, Brandon clicks on where do we write the language, Brandon clicks on where do we write the mobile, Brandon clicks on where do we write the model]]
[Test worker] WARN net.thucydides.core.steps.BaseStepListener - stepStarted: net.thucydides.core.steps.ExecutedStepDescription@7cc030c6
[Test worker] WARN net.thucydides.core.steps.BaseStepListener - stepFinished: current outcome:Search for a automation course:Given than brandon wants to learn automation at the academy Choucair
| strName | strlastName | strEmail | strCity | strZipcode | strPassword | strConfirm_password |
| Cristian Camilo | Cuevas Castañeda | cristianca84@remail.com | Tunja | 150001 | Casa1234$%& | Casa1234$%& | [Brandon open up [Brandon opens the Choucair academy page], Brandon login [Brandon clicks on button that shows us the form to register, Brandon enters 'Cristian Camilo' into where do we write the first name, Brandon enters 'Cuevas Castañeda' into where do we write the last name, Brandon enters 'cristianca84@remail.com' into where do we write the email, Brandon clicks on where do we write the month, Brandon clicks on where do we write the day, Brandon clicks on where do we write the year, Brandon clicks on button to continue, Brandon enters 'Tunja' into where do we write the city, Brandon enters '150001' into where do we write the zip code, Brandon clicks on where do we write the country, Brandon clicks on butTon to continue to next section, Brandon clicks on where do we write the computer, Brandon clicks on where do we write the version, Brandon clicks on where do we write the language, Brandon clicks on where do we write the mobile, Brandon clicks on where do we write the model, Brandon clicks on where do we write the system]]
[Test worker] WARN net.thucydides.core.steps.BaseStepListener - stepStarted: net.thucydides.core.steps.ExecutedStepDescription@7a835d66
[Test worker] WARN net.thucydides.core.steps.BaseStepListener - stepFinished: current outcome:Search for a automation course:Given than brandon wants to learn automation at the academy Choucair
| strName | strlastName | strEmail | strCity | strZipcode | strPassword | strConfirm_password |
| Cristian Camilo | Cuevas Castañeda | cristianca84@remail.com | Tunja | 150001 | Casa1234$%& | Casa1234$%& | [Brandon open up [Brandon opens the Choucair academy page], Brandon login [Brandon clicks on button that shows us the form to register, Brandon enters 'Cristian Camilo' into where do we write the first name, Brandon enters 'Cuevas Castañeda' into where do we write the last name, Brandon enters 'cristianca84@remail.com' into where do we write the email, Brandon clicks on where do we write the month, Brandon clicks on where do we write the day, Brandon clicks on where do we write the year, Brandon clicks on button to continue, Brandon enters 'Tunja' into where do we write the city, Brandon enters '150001' into where do we write the zip code, Brandon clicks on where do we write the country, Brandon clicks on butTon to continue to next section, Brandon clicks on where do we write the computer, Brandon clicks on where do we write the version, Brandon clicks on where do we write the language, Brandon clicks on where do we write the mobile, Brandon clicks on where do we write the model, Brandon clicks on where do we write the system, Brandon clicks on butTon to continue to last section]]
[Test worker] WARN net.thucydides.core.steps.BaseStepListener - stepStarted: net.thucydides.core.steps.ExecutedStepDescription@3e2fbfc4
[Test worker] WARN net.thucydides.core.steps.BaseStepListener - stepFinished: current outcome:Search for a automation course:Given than brandon wants to learn automation at the academy Choucair
| strName | strlastName | strEmail | strCity | strZipcode | strPassword | strConfirm_password |
| Cristian Camilo | Cuevas Castañeda | cristianca84@remail.com | Tunja | 150001 | Casa1234$%& | Casa1234$%& | [Brandon open up [Brandon opens the Choucair academy page], Brandon login [Brandon clicks on button that shows us the form to register, Brandon enters 'Cristian Camilo' into where do we write the first name, Brandon enters 'Cuevas Castañeda' into where do we write the last name, Brandon enters 'cristianca84@remail.com' into where do we write the email, Brandon clicks on where do we write the month, Brandon clicks on where do we write the day, Brandon clicks on where do we write the year, Brandon clicks on button to continue, Brandon enters 'Tunja' into where do we write the city, Brandon enters '150001' into where do we write the zip code, Brandon clicks on where do we write the country, Brandon clicks on butTon to continue to next section, Brandon clicks on where do we write the computer, Brandon clicks on where do we write the version, Brandon clicks on where do we write the language, Brandon clicks on where do we write the mobile, Brandon clicks on where do we write the model, Brandon clicks on where do we write the system, Brandon clicks on butTon to continue to last section, Brandon enters 'Casa1234$%&' into where do we write the password]]
[Test worker] WARN net.thucydides.core.steps.BaseStepListener - stepStarted: net.thucydides.core.steps.ExecutedStepDescription@3a8cf393
[Test worker] WARN net.thucydides.core.steps.BaseStepListener - stepFinished: current outcome:Search for a automation course:Given than brandon wants to learn automation at the academy Choucair
| strName | strlastName | strEmail | strCity | strZipcode | strPassword | strConfirm_password |
| Cristian Camilo | Cuevas Castañeda | cristianca84@remail.com | Tunja | 150001 | Casa1234$%& | Casa1234$%& | [Brandon open up [Brandon opens the Choucair academy page], Brandon login [Brandon clicks on button that shows us the form to register, Brandon enters 'Cristian Camilo' into where do we write the first name, Brandon enters 'Cuevas Castañeda' into where do we write the last name, Brandon enters 'cristianca84@remail.com' into where do we write the email, Brandon clicks on where do we write the month, Brandon clicks on where do we write the day, Brandon clicks on where do we write the year, Brandon clicks on button to continue, Brandon enters 'Tunja' into where do we write the city, Brandon enters '150001' into where do we write the zip code, Brandon clicks on where do we write the country, Brandon clicks on butTon to continue to next section, Brandon clicks on where do we write the computer, Brandon clicks on where do we write the version, Brandon clicks on where do we write the language, Brandon clicks on where do we write the mobile, Brandon clicks on where do we write the model, Brandon clicks on where do we write the system, Brandon clicks on butTon to continue to last section, Brandon enters 'Casa1234$%&' into where do we write the password, Brandon enters 'Casa1234$%&' into where do we confirm the password]]
[Test worker] WARN net.thucydides.core.steps.BaseStepListener - stepStarted: net.thucydides.core.steps.ExecutedStepDescription@7f936446
[Test worker] WARN net.thucydides.core.steps.BaseStepListener - stepFinished: current outcome:Search for a automation course:Given than brandon wants to learn automation at the academy Choucair
| strName | strlastName | strEmail | strCity | strZipcode | strPassword | strConfirm_password |
| Cristian Camilo | Cuevas Castañeda | cristianca84@remail.com | Tunja | 150001 | Casa1234$%& | Casa1234$%& | [Brandon open up [Brandon opens the Choucair academy page], Brandon login [Brandon clicks on button that shows us the form to register, Brandon enters 'Cristian Camilo' into where do we write the first name, Brandon enters 'Cuevas Castañeda' into where do we write the last name, Brandon enters 'cristianca84@remail.com' into where do we write the email, Brandon clicks on where do we write the month, Brandon clicks on where do we write the day, Brandon clicks on where do we write the year, Brandon clicks on button to continue, Brandon enters 'Tunja' into where do we write the city, Brandon enters '150001' into where do we write the zip code, Brandon clicks on where do we write the country, Brandon clicks on butTon to continue to next section, Brandon clicks on where do we write the computer, Brandon clicks on where do we write the version, Brandon clicks on where do we write the language, Brandon clicks on where do we write the mobile, Brandon clicks on where do we write the model, Brandon clicks on where do we write the system, Brandon clicks on butTon to continue to last section, Brandon enters 'Casa1234$%&' into where do we write the password, Brandon enters 'Casa1234$%&' into where do we confirm the password, Brandon clicks on butTon to stay informed]]
[Test worker] WARN net.thucydides.core.steps.BaseStepListener - stepStarted: net.thucydides.core.steps.ExecutedStepDescription@2a1492
[Test worker] WARN net.thucydides.core.steps.BaseStepListener - stepFinished: current outcome:Search for a automation course:Given than brandon wants to learn automation at the academy Choucair
| strName | strlastName | strEmail | strCity | strZipcode | strPassword | strConfirm_password |
| Cristian Camilo | Cuevas Castañeda | cristianca84@remail.com | Tunja | 150001 | Casa1234$%& | Casa1234$%& | [Brandon open up [Brandon opens the Choucair academy page], Brandon login [Brandon clicks on button that shows us the form to register, Brandon enters 'Cristian Camilo' into where do we write the first name, Brandon enters 'Cuevas Castañeda' into where do we write the last name, Brandon enters 'cristianca84@remail.com' into where do we write the email, Brandon clicks on where do we write the month, Brandon clicks on where do we write the day, Brandon clicks on where do we write the year, Brandon clicks on button to continue, Brandon enters 'Tunja' into where do we write the city, Brandon enters '150001' into where do we write the zip code, Brandon clicks on where do we write the country, Brandon clicks on butTon to continue to next section, Brandon clicks on where do we write the computer, Brandon clicks on where do we write the version, Brandon clicks on where do we write the language, Brandon clicks on where do we write the mobile, Brandon clicks on where do we write the model, Brandon clicks on where do we write the system, Brandon clicks on butTon to continue to last section, Brandon enters 'Casa1234$%&' into where do we write the password, Brandon enters 'Casa1234$%&' into where do we confirm the password, Brandon clicks on butTon to stay informed, Brandon clicks on butTon to confirm I have read the term]]
[Test worker] WARN net.thucydides.core.steps.BaseStepListener - stepStarted: net.thucydides.core.steps.ExecutedStepDescription@6439e7d7
[Test worker] WARN net.thucydides.core.steps.BaseStepListener - stepFinished: current outcome:Search for a automation course:Given than brandon wants to learn automation at the academy Choucair
| strName | strlastName | strEmail | strCity | strZipcode | strPassword | strConfirm_password |
| Cristian Camilo | Cuevas Castañeda | cristianca84@remail.com | Tunja | 150001 | Casa1234$%& | Casa1234$%& | [Brandon open up [Brandon opens the Choucair academy page], Brandon login [Brandon clicks on button that shows us the form to register, Brandon enters 'Cristian Camilo' into where do we write the first name, Brandon enters 'Cuevas Castañeda' into where do we write the last name, Brandon enters 'cristianca84@remail.com' into where do we write the email, Brandon clicks on where do we write the month, Brandon clicks on where do we write the day, Brandon clicks on where do we write the year, Brandon clicks on button to continue, Brandon enters 'Tunja' into where do we write the city, Brandon enters '150001' into where do we write the zip code, Brandon clicks on where do we write the country, Brandon clicks on butTon to continue to next section, Brandon clicks on where do we write the computer, Brandon clicks on where do we write the version, Brandon clicks on where do we write the language, Brandon clicks on where do we write the mobile, Brandon clicks on where do we write the model, Brandon clicks on where do we write the system, Brandon clicks on butTon to continue to last section, Brandon enters 'Casa1234$%&' into where do we write the password, Brandon enters 'Casa1234$%&' into where do we confirm the password, Brandon clicks on butTon to stay informed, Brandon clicks on butTon to confirm I have read the term, Brandon clicks on butTon to confirm i have read the privacy politics]]
[Test worker] WARN net.thucydides.core.steps.BaseStepListener - stepStarted: net.thucydides.core.steps.ExecutedStepDescription@cedfb96
[Test worker] WARN net.thucydides.core.steps.BaseStepListener - stepFinished: current outcome:Search for a automation course:Given than brandon wants to learn automation at the academy Choucair
| strName | strlastName | strEmail | strCity | strZipcode | strPassword | strConfirm_password |
| Cristian Camilo | Cuevas Castañeda | cristianca84@remail.com | Tunja | 150001 | Casa1234$%& | Casa1234$%& | [Brandon open up [Brandon opens the Choucair academy page], Brandon login [Brandon clicks on button that shows us the form to register, Brandon enters 'Cristian Camilo' into where do we write the first name, Brandon enters 'Cuevas Castañeda' into where do we write the last name, Brandon enters 'cristianca84@remail.com' into where do we write the email, Brandon clicks on where do we write the month, Brandon clicks on where do we write the day, Brandon clicks on where do we write the year, Brandon clicks on button to continue, Brandon enters 'Tunja' into where do we write the city, Brandon enters '150001' into where do we write the zip code, Brandon clicks on where do we write the country, Brandon clicks on butTon to continue to next section, Brandon clicks on where do we write the computer, Brandon clicks on where do we write the version, Brandon clicks on where do we write the language, Brandon clicks on where do we write the mobile, Brandon clicks on where do we write the model, Brandon clicks on where do we write the system, Brandon clicks on butTon to continue to last section, Brandon enters 'Casa1234$%&' into where do we write the password, Brandon enters 'Casa1234$%&' into where do we confirm the password, Brandon clicks on butTon to stay informed, Brandon clicks on butTon to confirm I have read the term, Brandon clicks on butTon to confirm i have read the privacy politics, Brandon clicks on butTon to confirm]]
[Test worker] WARN net.thucydides.core.steps.BaseStepListener - stepFinished: current outcome:Search for a automation course:Given than brandon wants to learn automation at the academy Choucair
| strName | strlastName | strEmail | strCity | strZipcode | strPassword | strConfirm_password |
| Cristian Camilo | Cuevas Castañeda | cristianca84@remail.com | Tunja | 150001 | Casa1234$%& | Casa1234$%& | [Brandon open up [Brandon opens the Choucair academy page], Brandon login [Brandon clicks on button that shows us the form to register, Brandon enters 'Cristian Camilo' into where do we write the first name, Brandon enters 'Cuevas Castañeda' into where do we write the last name, Brandon enters 'cristianca84@remail.com' into where do we write the email, Brandon clicks on where do we write the month, Brandon clicks on where do we write the day, Brandon clicks on where do we write the year, Brandon clicks on button to continue, Brandon enters 'Tunja' into where do we write the city, Brandon enters '150001' into where do we write the zip code, Brandon clicks on where do we write the country, Brandon clicks on butTon to continue to next section, Brandon clicks on where do we write the computer, Brandon clicks on where do we write the version, Brandon clicks on where do we write the language, Brandon clicks on where do we write the mobile, Brandon clicks on where do we write the model, Brandon clicks on where do we write the system, Brandon clicks on butTon to continue to last section, Brandon enters 'Casa1234$%&' into where do we write the password, Brandon enters 'Casa1234$%&' into where do we confirm the password, Brandon clicks on butTon to stay informed, Brandon clicks on butTon to confirm I have read the term, Brandon clicks on butTon to confirm i have read the privacy politics, Brandon clicks on butTon to confirm]]
[Test worker] WARN net.thucydides.core.steps.BaseStepListener - stepFinished: current outcome:Search for a automation course:Given than brandon wants to learn automation at the academy Choucair
| strName | strlastName | strEmail | strCity | strZipcode | strPassword | strConfirm_password |
| Cristian Camilo | Cuevas Castañeda | cristianca84@remail.com | Tunja | 150001 | Casa1234$%& | Casa1234$%& | [Brandon open up [Brandon opens the Choucair academy page], Brandon login [Brandon clicks on button that shows us the form to register, Brandon enters 'Cristian Camilo' into where do we write the first name, Brandon enters 'Cuevas Castañeda' into where do we write the last name, Brandon enters 'cristianca84@remail.com' into where do we write the email, Brandon clicks on where do we write the month, Brandon clicks on where do we write the day, Brandon clicks on where do we write the year, Brandon clicks on button to continue, Brandon enters 'Tunja' into where do we write the city, Brandon enters '150001' into where do we write the zip code, Brandon clicks on where do we write the country, Brandon clicks on butTon to continue to next section, Brandon clicks on where do we write the computer, Brandon clicks on where do we write the version, Brandon clicks on where do we write the language, Brandon clicks on where do we write the mobile, Brandon clicks on where do we write the model, Brandon clicks on where do we write the system, Brandon clicks on butTon to continue to last section, Brandon enters 'Casa1234$%&' into where do we write the password, Brandon enters 'Casa1234$%&' into where do we confirm the password, Brandon clicks on butTon to stay informed, Brandon clicks on butTon to confirm I have read the term, Brandon clicks on butTon to confirm i have read the privacy politics, Brandon clicks on butTon to confirm]]
[Test worker] WARN net.thucydides.core.steps.BaseStepListener - stepStarted: net.thucydides.core.steps.ExecutedStepDescription@4ee4ebec
[Test worker] WARN net.thucydides.core.steps.BaseStepListener - stepStarted: net.thucydides.core.steps.ExecutedStepDescription@5a720660
[Test worker] WARN net.thucydides.core.steps.BaseStepListener - stepFinished: current outcome:Search for a automation course:Given than brandon wants to learn automation at the academy Choucair
| strName | strlastName | strEmail | strCity | strZipcode | strPassword | strConfirm_password |
| Cristian Camilo | Cuevas Castañeda | cristianca84@remail.com | Tunja | 150001 | Casa1234$%& | Casa1234$%& | [Brandon open up [Brandon opens the Choucair academy page], Brandon login [Brandon clicks on button that shows us the form to register, Brandon enters 'Cristian Camilo' into where do we write the first name, Brandon enters 'Cuevas Castañeda' into where do we write the last name, Brandon enters 'cristianca84@remail.com' into where do we write the email, Brandon clicks on where do we write the month, Brandon clicks on where do we write the day, Brandon clicks on where do we write the year, Brandon clicks on button to continue, Brandon enters 'Tunja' into where do we write the city, Brandon enters '150001' into where do we write the zip code, Brandon clicks on where do we write the country, Brandon clicks on butTon to continue to next section, Brandon clicks on where do we write the computer, Brandon clicks on where do we write the version, Brandon clicks on where do we write the language, Brandon clicks on where do we write the mobile, Brandon clicks on where do we write the model, Brandon clicks on where do we write the system, Brandon clicks on butTon to continue to last section, Brandon enters 'Casa1234$%&' into where do we write the password, Brandon enters 'Casa1234$%&' into where do we confirm the password, Brandon clicks on butTon to stay informed, Brandon clicks on butTon to confirm I have read the term, Brandon clicks on butTon to confirm i have read the privacy politics, Brandon clicks on butTon to confirm]], When he search for course Recursos Automatizacion Bancolombia on the choucair academy platform [Brandon search]
[Test worker] WARN net.thucydides.core.steps.BaseStepListener - stepFinished: current outcome:Search for a automation course:Given than brandon wants to learn automation at the academy Choucair
| strName | strlastName | strEmail | strCity | strZipcode | strPassword | strConfirm_password |
| Cristian Camilo | Cuevas Castañeda | cristianca84@remail.com | Tunja | 150001 | Casa1234$%& | Casa1234$%& | [Brandon open up [Brandon opens the Choucair academy page], Brandon login [Brandon clicks on button that shows us the form to register, Brandon enters 'Cristian Camilo' into where do we write the first name, Brandon enters 'Cuevas Castañeda' into where do we write the last name, Brandon enters 'cristianca84@remail.com' into where do we write the email, Brandon clicks on where do we write the month, Brandon clicks on where do we write the day, Brandon clicks on where do we write the year, Brandon clicks on button to continue, Brandon enters 'Tunja' into where do we write the city, Brandon enters '150001' into where do we write the zip code, Brandon clicks on where do we write the country, Brandon clicks on butTon to continue to next section, Brandon clicks on where do we write the computer, Brandon clicks on where do we write the version, Brandon clicks on where do we write the language, Brandon clicks on where do we write the mobile, Brandon clicks on where do we write the model, Brandon clicks on where do we write the system, Brandon clicks on butTon to continue to last section, Brandon enters 'Casa1234$%&' into where do we write the password, Brandon enters 'Casa1234$%&' into where do we confirm the password, Brandon clicks on butTon to stay informed, Brandon clicks on butTon to confirm I have read the term, Brandon clicks on butTon to confirm i have read the privacy politics, Brandon clicks on butTon to confirm]], When he search for course Recursos Automatizacion Bancolombia on the choucair academy platform [Brandon search]
[Test worker] WARN net.thucydides.core.steps.BaseStepListener - stepStarted: net.thucydides.core.steps.ExecutedStepDescription@2a01cae6
[Test worker] INFO net.thucydides.core.steps.ConsoleLoggingListener - TEST PENDING
[Test worker] WARN net.thucydides.core.steps.BaseStepListener - testFinished: Search for a automation course:Given than brandon wants to learn automation at the academy Choucair
| strName | strlastName | strEmail | strCity | strZipcode | strPassword | strConfirm_password |
| Cristian Camilo | Cuevas Castañeda | cristianca84@remail.com | Tunja | 150001 | Casa1234$%& | Casa1234$%& | [Brandon open up [Brandon opens the Choucair academy page], Brandon login [Brandon clicks on button that shows us the form to register, Brandon enters 'Cristian Camilo' into where do we write the first name, Brandon enters 'Cuevas Castañeda' into where do we write the last name, Brandon enters 'cristianca84@remail.com' into where do we write the email, Brandon clicks on where do we write the month, Brandon clicks on where do we write the day, Brandon clicks on where do we write the year, Brandon clicks on button to continue, Brandon enters 'Tunja' into where do we write the city, Brandon enters '150001' into where do we write the zip code, Brandon clicks on where do we write the country, Brandon clicks on butTon to continue to next section, Brandon clicks on where do we write the computer, Brandon clicks on where do we write the version, Brandon clicks on where do we write the language, Brandon clicks on where do we write the mobile, Brandon clicks on where do we write the model, Brandon clicks on where do we write the system, Brandon clicks on butTon to continue to last section, Brandon enters 'Casa1234$%&' into where do we write the password, Brandon enters 'Casa1234$%&' into where do we confirm the password, Brandon clicks on butTon to stay informed, Brandon clicks on butTon to confirm I have read the term, Brandon clicks on butTon to confirm i have read the privacy politics, Brandon clicks on butTon to confirm]], When he search for course Recursos Automatizacion Bancolombia on the choucair academy platform [Brandon search], Then he finds the course called resources Recursos Automatizacion Bancolombia
[Test worker] WARN net.thucydides.core.steps.BaseStepListener - TestOutcomes: [Search for a automation course:Given than brandon wants to learn automation at the academy Choucair
| strName | strlastName | strEmail | strCity | strZipcode | strPassword | strConfirm_password |
| Cristian Camilo | Cuevas Castañeda | cristianca84@remail.com | Tunja | 150001 | Casa1234$%& | Casa1234$%& | [Brandon open up [Brandon opens the Choucair academy page], Brandon login [Brandon clicks on button that shows us the form to register, Brandon enters 'Cristian Camilo' into where do we write the first name, Brandon enters 'Cuevas Castañeda' into where do we write the last name, Brandon enters 'cristianca84@remail.com' into where do we write the email, Brandon clicks on where do we write the month, Brandon clicks on where do we write the day, Brandon clicks on where do we write the year, Brandon clicks on button to continue, Brandon enters 'Tunja' into where do we write the city, Brandon enters '150001' into where do we write the zip code, Brandon clicks on where do we write the country, Brandon clicks on butTon to continue to next section, Brandon clicks on where do we write the computer, Brandon clicks on where do we write the version, Brandon clicks on where do we write the language, Brandon clicks on where do we write the mobile, Brandon clicks on where do we write the model, Brandon clicks on where do we write the system, Brandon clicks on butTon to continue to last section, Brandon enters 'Casa1234$%&' into where do we write the password, Brandon enters 'Casa1234$%&' into where do we confirm the password, Brandon clicks on butTon to stay informed, Brandon clicks on butTon to confirm I have read the term, Brandon clicks on butTon to confirm i have read the privacy politics, Brandon clicks on butTon to confirm]], When he search for course Recursos Automatizacion Bancolombia on the choucair academy platform [Brandon search], Then he finds the course called resources Recursos Automatizacion Bancolombia]
[Test worker] WARN net.thucydides.core.steps.BaseStepListener - Final testOutcomes: [Search for a automation course:Given than brandon wants to learn automation at the academy Choucair
| strName | strlastName | strEmail | strCity | strZipcode | strPassword | strConfirm_password |
| Cristian Camilo | Cuevas Castañeda | cristianca84@remail.com | Tunja | 150001 | Casa1234$%& | Casa1234$%& | [Brandon open up [Brandon opens the Choucair academy page], Brandon login [Brandon clicks on button that shows us the form to register, Brandon enters 'Cristian Camilo' into where do we write the first name, Brandon enters 'Cuevas Castañeda' into where do we write the last name, Brandon enters 'cristianca84@remail.com' into where do we write the email, Brandon clicks on where do we write the month, Brandon clicks on where do we write the day, Brandon clicks on where do we write the year, Brandon clicks on button to continue, Brandon enters 'Tunja' into where do we write the city, Brandon enters '150001' into where do we write the zip code, Brandon clicks on where do we write the country, Brandon clicks on butTon to continue to next section, Brandon clicks on where do we write the computer, Brandon clicks on where do we write the version, Brandon clicks on where do we write the language, Brandon clicks on where do we write the mobile, Brandon clicks on where do we write the model, Brandon clicks on where do we write the system, Brandon clicks on butTon to continue to last section, Brandon enters 'Casa1234$%&' into where do we write the password, Brandon enters 'Casa1234$%&' into where do we confirm the password, Brandon clicks on butTon to stay informed, Brandon clicks on butTon to confirm I have read the term, Brandon clicks on butTon to confirm i have read the privacy politics, Brandon clicks on butTon to confirm]], When he search for course Recursos Automatizacion Bancolombia on the choucair academy platform [Brandon search], Then he finds the course called resources Recursos Automatizacion Bancolombia]
[Test worker] INFO net.thucydides.core.steps.ConsoleLoggingListener - 
          __  _____ _____ ____ _____   ____  _____ _   _ ____ ___ _   _  ____ 
 _       / / |_   _| ____/ ___|_   _| |  _ \| ____| \ | |  _ \_ _| \ | |/ ___|
(_)____ / /    | | |  _| \___ \ | |   | |_) |  _| |  \| | | | | ||  \| | |  _ 
 |_____/ /     | | | |___ ___) || |   |  __/| |___| |\  | |_| | || |\  | |_| |
(_)   /_/      |_| |_____|____/ |_|   |_|   |_____|_| \_|____/___|_| \_|\____|
                                                                                

TEST PENDING: Search for a automation course
---------------------------------------------------------------------------------
]]></system-err>
</testsuite>
